<?xml version="1.0" encoding="UTF-8"?>
<testsuite xmlns:xsi="http://www.w3.org/2001/XMLSchema-instance" xsi:noNamespaceSchemaLocation="https://maven.apache.org/surefire/maven-surefire-plugin/xsd/surefire-test-report-3.0.xsd" version="3.0" name="TestSuite" time="205.577" tests="15" errors="0" skipped="3" failures="10">
  <properties>
[...]
</properties>
  <testcase name="scenario1" classname="com.lambda.test.Tests" time="2.131">
    <system-err><![CDATA[Jul 01, 2023 1:40:50 PM org.openqa.selenium.remote.tracing.opentelemetry.OpenTelemetryTracer createTracer
INFO: Using OpenTelemetry for tracing
SLF4J: Failed to load class "org.slf4j.impl.StaticLoggerBinder".
SLF4J: Defaulting to no-operation (NOP) logger implementation
SLF4J: See http://www.slf4j.org/codes.html#StaticLoggerBinder for further details.
Jul 01, 2023 1:41:11 PM org.openqa.selenium.remote.ProtocolHandshake createSession
INFO: Detected dialect: W3C
Jul 01, 2023 1:41:13 PM org.openqa.selenium.remote.ProtocolHandshake createSession
INFO: Detected dialect: W3C
]]></system-err>
  </testcase>
  <testcase name="scenario1" classname="com.lambda.test.Tests" time="2.017">
    <failure message="The following asserts failed:&#10;	Values are not same expected [95] but found [96]" type="java.lang.AssertionError"><![CDATA[java.lang.AssertionError: 
The following asserts failed:
	Values are not same expected [95] but found [96]
	at com.lambda.test.Tests.scenario1(Tests.java:45)
]]></failure>
    <system-err><![CDATA[Jul 01, 2023 1:42:01 PM org.openqa.selenium.remote.ProtocolHandshake createSession
INFO: Detected dialect: W3C
]]></system-err>
  </testcase>
  <testcase name="scenario1" classname="com.lambda.test.Tests" time="1.483">
    <system-err><![CDATA[Jul 01, 2023 1:42:50 PM org.openqa.selenium.remote.ProtocolHandshake createSession
INFO: Detected dialect: W3C
]]></system-err>
  </testcase>
  <testcase name="scenario1" classname="com.lambda.test.Tests" time="2.671">
    <failure message="The following asserts failed:&#10;	Values are not same expected [95] but found [96]" type="java.lang.AssertionError"><![CDATA[java.lang.AssertionError: 
The following asserts failed:
	Values are not same expected [95] but found [96]
	at com.lambda.test.Tests.scenario1(Tests.java:45)
]]></failure>
    <system-err><![CDATA[Jul 01, 2023 1:43:50 PM org.openqa.selenium.remote.ProtocolHandshake createSession
INFO: Detected dialect: W3C
]]></system-err>
  </testcase>
  <testcase name="scenario2" classname="com.lambda.test.Tests" time="2.172">
    <failure message="Unable to find the session info for particular sessionId 0bc740fd2910ec1f0093b68de4b1ba51, maybe session has quit already or timed out.&#10;Build info: version: &apos;4.0.0&apos;, revision: &apos;3a21814679&apos;&#10;System info: host: &apos;mahendrakodi-lambdatest-w7ghfwxdpta&apos;, ip: &apos;127.0.0.1&apos;, os.name: &apos;Linux&apos;, os.arch: &apos;amd64&apos;, os.version: &apos;6.1.27-060127-generic&apos;, java.version: &apos;11.0.19&apos;&#10;Driver info: org.openqa.selenium.remote.RemoteWebDriver&#10;Command: [0bc740fd2910ec1f0093b68de4b1ba51, actions {actions=[org.openqa.selenium.interactions.Sequence@59546107]}]&#10;Capabilities {acceptInsecureCerts: false, browserName: chrome, browserVersion: 88.0.4324.104, chrome: {chromedriverVersion: 87.0.4280.20 (c99e81631faa0..., userDataDir: C:\Users\ltuser\AppData\Loc...}, goog:chromeOptions: {debuggerAddress: localhost:53643}, javascriptEnabled: true, networkConnectionEnabled: false, pageLoadStrategy: normal, platform: WINDOWS, platformName: WINDOWS, proxy: Proxy(), setWindowRect: true, strictFileInteractability: false, timeouts: {implicit: 0, pageLoad: 300000, script: 30000}, unhandledPromptBehavior: dismiss and notify, webauthn:virtualAuthenticators: true, webdriver.remote.sessionid: 0bc740fd2910ec1f0093b68de4b...}&#10;Session ID: 0bc740fd2910ec1f0093b68de4b1ba51" type="org.openqa.selenium.WebDriverException"><![CDATA[org.openqa.selenium.WebDriverException: 
Unable to find the session info for particular sessionId 0bc740fd2910ec1f0093b68de4b1ba51, maybe session has quit already or timed out.
Build info: version: '4.0.0', revision: '3a21814679'
System info: host: 'mahendrakodi-lambdatest-w7ghfwxdpta', ip: '127.0.0.1', os.name: 'Linux', os.arch: 'amd64', os.version: '6.1.27-060127-generic', java.version: '11.0.19'
Driver info: org.openqa.selenium.remote.RemoteWebDriver
Command: [0bc740fd2910ec1f0093b68de4b1ba51, actions {actions=[org.openqa.selenium.interactions.Sequence@59546107]}]
Capabilities {acceptInsecureCerts: false, browserName: chrome, browserVersion: 88.0.4324.104, chrome: {chromedriverVersion: 87.0.4280.20 (c99e81631faa0..., userDataDir: C:\Users\ltuser\AppData\Loc...}, goog:chromeOptions: {debuggerAddress: localhost:53643}, javascriptEnabled: true, networkConnectionEnabled: false, pageLoadStrategy: normal, platform: WINDOWS, platformName: WINDOWS, proxy: Proxy(), setWindowRect: true, strictFileInteractability: false, timeouts: {implicit: 0, pageLoad: 300000, script: 30000}, unhandledPromptBehavior: dismiss and notify, webauthn:virtualAuthenticators: true, webdriver.remote.sessionid: 0bc740fd2910ec1f0093b68de4b...}
Session ID: 0bc740fd2910ec1f0093b68de4b1ba51
	at com.lambda.test.Tests.scenario2(Tests.java:55)
]]></failure>
  </testcase>
  <testcase name="scenario2" classname="com.lambda.test.Tests" time="8.992">
    <failure message="The following asserts failed:&#10;	Values are not same expected [95] but found [96]" type="java.lang.AssertionError"><![CDATA[java.lang.AssertionError: 
The following asserts failed:
	Values are not same expected [95] but found [96]
	at com.lambda.test.Tests.scenario2(Tests.java:58)
]]></failure>
    <system-err><![CDATA[Jul 01, 2023 1:41:36 PM org.openqa.selenium.remote.ProtocolHandshake createSession
INFO: Detected dialect: W3C
]]></system-err>
  </testcase>
  <testcase name="scenario2" classname="com.lambda.test.Tests" time="4.823">
    <failure message="The following asserts failed:&#10;	Values are not same expected [95] but found [96]" type="java.lang.AssertionError"><![CDATA[java.lang.AssertionError: 
The following asserts failed:
	Values are not same expected [95] but found [96]
	at com.lambda.test.Tests.scenario2(Tests.java:58)
]]></failure>
    <system-err><![CDATA[Jul 01, 2023 1:43:10 PM org.openqa.selenium.remote.ProtocolHandshake createSession
INFO: Detected dialect: W3C
]]></system-err>
  </testcase>
  <testcase name="scenario2" classname="com.lambda.test.Tests" time="8.455">
    <failure message="The following asserts failed:&#10;	Values are not same expected [95] but found [96]" type="java.lang.AssertionError"><![CDATA[java.lang.AssertionError: 
The following asserts failed:
	Values are not same expected [95] but found [96]
	at com.lambda.test.Tests.scenario2(Tests.java:58)
]]></failure>
    <system-err><![CDATA[Jul 01, 2023 1:43:38 PM org.openqa.selenium.remote.ProtocolHandshake createSession
INFO: Detected dialect: W3C
]]></system-err>
  </testcase>
  <testcase name="tearDown" classname="com.lambda.test.Tests" time="2.193">
    <failure message="Unable to find the session info for particular sessionId 0bc740fd2910ec1f0093b68de4b1ba51, maybe session has quit already or timed out.&#10;Build info: version: &apos;4.0.0&apos;, revision: &apos;3a21814679&apos;&#10;System info: host: &apos;mahendrakodi-lambdatest-w7ghfwxdpta&apos;, ip: &apos;127.0.0.1&apos;, os.name: &apos;Linux&apos;, os.arch: &apos;amd64&apos;, os.version: &apos;6.1.27-060127-generic&apos;, java.version: &apos;11.0.19&apos;&#10;Driver info: org.openqa.selenium.remote.RemoteWebDriver&#10;Command: [0bc740fd2910ec1f0093b68de4b1ba51, quit {}]&#10;Capabilities {acceptInsecureCerts: false, browserName: chrome, browserVersion: 88.0.4324.104, chrome: {chromedriverVersion: 87.0.4280.20 (c99e81631faa0..., userDataDir: C:\Users\ltuser\AppData\Loc...}, goog:chromeOptions: {debuggerAddress: localhost:53643}, javascriptEnabled: true, networkConnectionEnabled: false, pageLoadStrategy: normal, platform: WINDOWS, platformName: WINDOWS, proxy: Proxy(), setWindowRect: true, strictFileInteractability: false, timeouts: {implicit: 0, pageLoad: 300000, script: 30000}, unhandledPromptBehavior: dismiss and notify, webauthn:virtualAuthenticators: true, webdriver.remote.sessionid: 0bc740fd2910ec1f0093b68de4b...}&#10;Session ID: 0bc740fd2910ec1f0093b68de4b1ba51" type="org.openqa.selenium.WebDriverException"><![CDATA[org.openqa.selenium.WebDriverException: 
Unable to find the session info for particular sessionId 0bc740fd2910ec1f0093b68de4b1ba51, maybe session has quit already or timed out.
Build info: version: '4.0.0', revision: '3a21814679'
System info: host: 'mahendrakodi-lambdatest-w7ghfwxdpta', ip: '127.0.0.1', os.name: 'Linux', os.arch: 'amd64', os.version: '6.1.27-060127-generic', java.version: '11.0.19'
Driver info: org.openqa.selenium.remote.RemoteWebDriver
Command: [0bc740fd2910ec1f0093b68de4b1ba51, quit {}]
Capabilities {acceptInsecureCerts: false, browserName: chrome, browserVersion: 88.0.4324.104, chrome: {chromedriverVersion: 87.0.4280.20 (c99e81631faa0..., userDataDir: C:\Users\ltuser\AppData\Loc...}, goog:chromeOptions: {debuggerAddress: localhost:53643}, javascriptEnabled: true, networkConnectionEnabled: false, pageLoadStrategy: normal, platform: WINDOWS, platformName: WINDOWS, proxy: Proxy(), setWindowRect: true, strictFileInteractability: false, timeouts: {implicit: 0, pageLoad: 300000, script: 30000}, unhandledPromptBehavior: dismiss and notify, webauthn:virtualAuthenticators: true, webdriver.remote.sessionid: 0bc740fd2910ec1f0093b68de4b...}
Session ID: 0bc740fd2910ec1f0093b68de4b1ba51
	at com.lambda.test.Tests.tearDown(Tests.java:27)
]]></failure>
  </testcase>
  <testcase name="tearDown" classname="com.lambda.test.Tests" time="0">
    <skipped/>
  </testcase>
  <testcase name="setup" classname="com.lambda.test.Tests" time="0">
    <skipped/>
  </testcase>
  <testcase name="scenario3" classname="com.lambda.test.Tests" time="0">
    <skipped message="Unable to find the session info for particular sessionId 0bc740fd2910ec1f0093b68de4b1ba51, maybe session has quit already or timed out.&#10;Build info: version: &apos;4.0.0&apos;, revision: &apos;3a21814679&apos;&#10;System info: host: &apos;mahendrakodi-lambdatest-w7ghfwxdpta&apos;, ip: &apos;127.0.0.1&apos;, os.name: &apos;Linux&apos;, os.arch: &apos;amd64&apos;, os.version: &apos;6.1.27-060127-generic&apos;, java.version: &apos;11.0.19&apos;&#10;Driver info: org.openqa.selenium.remote.RemoteWebDriver&#10;Command: [0bc740fd2910ec1f0093b68de4b1ba51, quit {}]&#10;Capabilities {acceptInsecureCerts: false, browserName: chrome, browserVersion: 88.0.4324.104, chrome: {chromedriverVersion: 87.0.4280.20 (c99e81631faa0..., userDataDir: C:\Users\ltuser\AppData\Loc...}, goog:chromeOptions: {debuggerAddress: localhost:53643}, javascriptEnabled: true, networkConnectionEnabled: false, pageLoadStrategy: normal, platform: WINDOWS, platformName: WINDOWS, proxy: Proxy(), setWindowRect: true, strictFileInteractability: false, timeouts: {implicit: 0, pageLoad: 300000, script: 30000}, unhandledPromptBehavior: dismiss and notify, webauthn:virtualAuthenticators: true, webdriver.remote.sessionid: 0bc740fd2910ec1f0093b68de4b...}&#10;Session ID: 0bc740fd2910ec1f0093b68de4b1ba51"/>
  </testcase>
  <testcase name="scenario3" classname="com.lambda.test.Tests" time="9.258">
    <failure message="The following asserts failed:&#10;	Values are not same expected [95] but found [96],&#10;	expected [Please fill in the fields] but found [Please fill out this field.]" type="java.lang.AssertionError"><![CDATA[java.lang.AssertionError: 
The following asserts failed:
	Values are not same expected [95] but found [96],
	expected [Please fill in the fields] but found [Please fill out this field.]
	at com.lambda.test.Tests.scenario3(Tests.java:90)
]]></failure>
    <system-err><![CDATA[Jul 01, 2023 1:42:17 PM org.openqa.selenium.remote.ProtocolHandshake createSession
INFO: Detected dialect: W3C
]]></system-err>
  </testcase>
  <testcase name="scenario3" classname="com.lambda.test.Tests" time="4.11">
    <failure message="The following asserts failed:&#10;	Values are not same expected [95] but found [96],&#10;	expected [Please fill in the fields] but found [Please fill out this field.]" type="java.lang.AssertionError"><![CDATA[java.lang.AssertionError: 
The following asserts failed:
	Values are not same expected [95] but found [96],
	expected [Please fill in the fields] but found [Please fill out this field.]
	at com.lambda.test.Tests.scenario3(Tests.java:90)
]]></failure>
    <system-err><![CDATA[Jul 01, 2023 1:43:27 PM org.openqa.selenium.remote.ProtocolHandshake createSession
INFO: Detected dialect: W3C
]]></system-err>
  </testcase>
  <testcase name="scenario3" classname="com.lambda.test.Tests" time="8.358">
    <failure message="The following asserts failed:&#10;	Values are not same expected [95] but found [96],&#10;	expected [Please fill in the fields] but found [This is a required field]" type="java.lang.AssertionError"><![CDATA[java.lang.AssertionError: 
The following asserts failed:
	Values are not same expected [95] but found [96],
	expected [Please fill in the fields] but found [This is a required field]
	at com.lambda.test.Tests.scenario3(Tests.java:90)
]]></failure>
    <system-err><![CDATA[Jul 01, 2023 1:44:05 PM org.openqa.selenium.remote.ProtocolHandshake createSession
INFO: Detected dialect: W3C
]]></system-err>
  </testcase>
</testsuite>